#
# A fatal error has been detected by the Java Runtime Environment:
#
#  Internal Error (javaClasses.cpp:136), pid=8100, tid=4468
#  fatal error: Invalid layout of preloaded class
#
# JRE version:  (7.0_45-b18) (build )
# Java VM: Java HotSpot(TM) 64-Bit Server VM (24.45-b08 mixed mode windows-amd64 compressed oops)
# Failed to write core dump. Minidumps are not enabled by default on client versions of Windows
#
# If you would like to submit a bug report, please visit:
#   http://bugreport.sun.com/bugreport/crash.jsp
#

---------------  T H R E A D  ---------------

Current thread (0x000000000281e000):  JavaThread "Unknown thread" [_thread_in_vm, id=4468, stack(0x0000000002b30000,0x0000000002c30000)]

Stack: [0x0000000002b30000,0x0000000002c30000]

---------------  P R O C E S S  ---------------

Java Threads: ( => current thread )

Other Threads:

=>0x000000000281e000 (exited) JavaThread "Unknown thread" [_thread_in_vm, id=4468, stack(0x0000000002b30000,0x0000000002c30000)]

VM state:not at safepoint (not fully initialized)

VM Mutex/Monitor currently owned by a thread: None

GC Heap History (0 events):
No events

Deoptimization events (0 events):
No events

Internal exceptions (0 events):
No events

Events (10 events):
Event: 0.010 loading class 0x00000000029acc90 done
Event: 0.010 loading class 0x00000000029ac6b0 done
Event: 0.010 loading class 0x00000000029ac690
Event: 0.011 loading class 0x00000000029b47d0
Event: 0.011 loading class 0x00000000029b47d0 done
Event: 0.011 loading class 0x00000000029b4800
Event: 0.011 loading class 0x00000000029b4800 done
Event: 0.011 loading class 0x00000000029b4830
Event: 0.011 loading class 0x00000000029b4830 done
Event: 0.011 loading class 0x00000000029ac690 done


Dynamic libraries:
0x000000013f2e0000 - 0x000000013f313000 	C:\Jichao Zhu\ride-5.1.1-win64\OracleJDK\bin\javaw.exe
0x0000000077750000 - 0x00000000778f9000 	C:\WINDOWS\SYSTEM32\ntdll.dll
0x0000000077410000 - 0x000000007752f000 	C:\WINDOWS\system32\kernel32.dll
0x000007fefde10000 - 0x000007fefde7b000 	C:\WINDOWS\system32\KERNELBASE.dll
0x0000000074f30000 - 0x0000000074fb8000 	C:\WINDOWS\System32\SYSFER.DLL
0x000007fefe5f0000 - 0x000007fefe6cb000 	C:\WINDOWS\system32\ADVAPI32.dll
0x000007fefe400000 - 0x000007fefe49f000 	C:\WINDOWS\system32\msvcrt.dll
0x000007feff780000 - 0x000007feff79f000 	C:\WINDOWS\SYSTEM32\sechost.dll
0x000007feff540000 - 0x000007feff66d000 	C:\WINDOWS\system32\RPCRT4.dll
0x00000000771b0000 - 0x00000000772aa000 	C:\WINDOWS\system32\USER32.dll
0x000007feff470000 - 0x000007feff4d7000 	C:\WINDOWS\system32\GDI32.dll
0x000007feffa50000 - 0x000007feffa5e000 	C:\WINDOWS\system32\LPK.dll
0x000007fefe300000 - 0x000007fefe3c9000 	C:\WINDOWS\system32\USP10.dll
0x000007fefc230000 - 0x000007fefc424000 	C:\WINDOWS\WinSxS\amd64_microsoft.windows.common-controls_6595b64144ccf1df_6.0.7601.18807_none_fa381d5f175bfb52\COMCTL32.dll
0x000007fefe200000 - 0x000007fefe271000 	C:\WINDOWS\system32\SHLWAPI.dll
0x000007fefe3d0000 - 0x000007fefe3fe000 	C:\WINDOWS\system32\IMM32.DLL
0x000007feff670000 - 0x000007feff779000 	C:\WINDOWS\system32\MSCTF.dll
0x00000000787f0000 - 0x00000000788c2000 	C:\Jichao Zhu\ride-5.1.1-win64\OracleJDK\jre\bin\msvcr100.dll
0x0000000050b30000 - 0x00000000512f9000 	C:\Jichao Zhu\ride-5.1.1-win64\OracleJDK\jre\bin\server\jvm.dll
0x000007fef1660000 - 0x000007fef1669000 	C:\WINDOWS\system32\WSOCK32.dll
0x000007fefe4c0000 - 0x000007fefe50d000 	C:\WINDOWS\system32\WS2_32.dll
0x000007feff460000 - 0x000007feff468000 	C:\WINDOWS\system32\NSI.dll
0x000007fefb720000 - 0x000007fefb75b000 	C:\WINDOWS\system32\WINMM.dll
0x0000000077910000 - 0x0000000077917000 	C:\WINDOWS\system32\PSAPI.DLL
0x000007fef9a60000 - 0x000007fef9a6f000 	C:\Jichao Zhu\ride-5.1.1-win64\OracleJDK\jre\bin\verify.dll
0x000007fef2a50000 - 0x000007fef2a78000 	C:\Jichao Zhu\ride-5.1.1-win64\OracleJDK\jre\bin\java.dll
0x000007fef99f0000 - 0x000007fef9a05000 	C:\Jichao Zhu\ride-5.1.1-win64\OracleJDK\jre\bin\zip.dll

VM Arguments:
jvm_args: -Dfile.encoding=GBK -Xbootclasspath:C:\Jichao Zhu\Tool\Android\android-sdk-windows\platforms\android-21\android.jar 
java_command: com.jichao.monitorapp.test
Launcher Type: SUN_STANDARD

Environment Variables:
JAVA_HOME=C:\Jichao Zhu\ride-5.1.1-win64\OracleJDK
PATH=C:/Jichao Zhu/ride-5.1.1-win64/OracleJDK/bin/../jre/bin/server;C:/Jichao Zhu/ride-5.1.1-win64/OracleJDK/bin/../jre/bin;C:/Jichao Zhu/ride-5.1.1-win64/OracleJDK/bin/../jre/lib/amd64;C:\Program Files (x86)\RSA SecurID Token Common;C:\Program Files (x86)\Intel\iCLS Client\;C:\Program Files\Intel\iCLS Client\;C:\WINDOWS\system32;C:\WINDOWS;C:\WINDOWS\System32\Wbem;C:\WINDOWS\System32\WindowsPowerShell\v1.0\;C:\WINDOWS\System32\WindowsPowerShell\v1.0\;C:\Program Files (x86)\Microsoft Application Virtualization Client;C:\Program Files\Intel\Intel(R) Management Engine Components\DAL;C:\Program Files\Intel\Intel(R) Management Engine Components\IPT;C:\Program Files (x86)\Intel\Intel(R) Management Engine Components\DAL;C:\Program Files (x86)\Intel\Intel(R) Management Engine Components\IPT;C:\Program Files\Common Files\Hitachi ID\;C:\Program Files\nodejs\;.;C:\Jichao Zhu\ride-5.1.1-win64\OracleJDK\bin;C:\Jichao Zhu\ride-5.1.1-win64\apache-maven-3.1.1\bin;C:\Python34;C:\Users\jiczhu\AppData\Roaming\npm;C:\Jichao Zhu\Tool\Android\android-sdk-windows\platform-tools;C:\Jichao Zhu\Tool\Android\adt-bundle-windows-x86_64-20140702\adt-bundle-windows-x86_64-20140702\eclipse;
USERNAME=jiczhu
OS=Windows_NT
PROCESSOR_IDENTIFIER=Intel64 Family 6 Model 69 Stepping 1, GenuineIntel



---------------  S Y S T E M  ---------------

OS: Windows 7 , 64 bit Build 7601 Service Pack 1

CPU:total 4 (2 cores per cpu, 2 threads per core) family 6 model 69 stepping 1, cmov, cx8, fxsr, mmx, sse, sse2, sse3, ssse3, sse4.1, sse4.2, popcnt, avx, avx2, aes, erms, ht, tsc, tscinvbit

Memory: 4k page, physical 8291736k(3332276k free), swap 16581612k(8973584k free)

vm_info: Java HotSpot(TM) 64-Bit Server VM (24.45-b08) for windows-amd64 JRE (1.7.0_45-b18), built on Oct  8 2013 05:47:22 by "java_re" with unknown MS VC++:1600

time: Mon Jun 08 14:16:46 2015
elapsed time: 0 seconds

